<?xml version="1.0" encoding="UTF-8"?>
<testng-results ignored="8" total="9" passed="0" failed="0" skipped="1">
  <reporter-output>
  </reporter-output>
  <suite started-at="2024-08-10T09:38:10 IST" name="Default suite" finished-at="2024-08-10T09:38:28 IST" duration-ms="17960">
    <groups>
    </groups>
    <test started-at="2024-08-10T09:38:10 IST" name="Default test" finished-at="2024-08-10T09:38:28 IST" duration-ms="17960">
      <class name="com.selenium.testcases.TC_PlaceOrder_001">
        <test-method is-config="true" signature="setUp()[pri:0, instance:com.selenium.testcases.TC_PlaceOrder_001@460d0a57]" started-at="2024-08-10T09:38:10 IST" name="setUp" finished-at="2024-08-10T09:38:28 IST" duration-ms="17696" status="FAIL">
          <exception class="org.openqa.selenium.SessionNotCreatedException">
            <message>
              <![CDATA[session not created: This version of ChromeDriver only supports Chrome version 114
Current browser version is 127.0.6533.100 with binary path /Applications/Google Chrome.app/Contents/MacOS/Google Chrome
Build info: version: '3.141.0', revision: '2ecb7d9a', time: '2018-10-31T20:09:30'
System info: host: 'Nitins-Air', ip: '2401:4900:1c22:3ac1:71d9:2b8a:79eb:e1c1%en0', os.name: 'Mac OS X', os.arch: 'aarch64', os.version: '14.5', java.version: '22.0.1'
Driver info: driver.version: ChromeDriver
remote stacktrace: 0   chromedriver                        0x0000000104feff48 chromedriver + 4226888
1   chromedriver                        0x0000000104fe84f4 chromedriver + 4195572
2   chromedriver                        0x0000000104c2cd68 chromedriver + 281960
3   chromedriver                        0x0000000104c58bac chromedriver + 461740
4   chromedriver                        0x0000000104c54fd8 chromedriver + 446424
5   chromedriver                        0x0000000104c52150 chromedriver + 434512
6   chromedriver                        0x0000000104c8f93c chromedriver + 686396
7   chromedriver                        0x0000000104c8f164 chromedriver + 684388
8   chromedriver                        0x0000000104c5bf1c chromedriver + 474908
9   chromedriver                        0x0000000104c5cef4 chromedriver + 478964
10  chromedriver                        0x0000000104fb159c chromedriver + 3970460
11  chromedriver                        0x0000000104fb56f0 chromedriver + 3987184
12  chromedriver                        0x0000000104fbb5b4 chromedriver + 4011444
13  chromedriver                        0x0000000104fb62fc chromedriver + 3990268
14  chromedriver                        0x0000000104f8e1c0 chromedriver + 3826112
15  chromedriver                        0x0000000104fd2088 chromedriver + 4104328
16  chromedriver                        0x0000000104fd21e0 chromedriver + 4104672
17  chromedriver                        0x0000000104fe1f28 chromedriver + 4169512
18  libsystem_pthread.dylib             0x000000019ca86f94 _pthread_start + 136
19  libsystem_pthread.dylib             0x000000019ca81d34 thread_start + 8
]]>
            </message>
            <full-stacktrace>
              <![CDATA[org.openqa.selenium.SessionNotCreatedException: session not created: This version of ChromeDriver only supports Chrome version 114
Current browser version is 127.0.6533.100 with binary path /Applications/Google Chrome.app/Contents/MacOS/Google Chrome
Build info: version: '3.141.0', revision: '2ecb7d9a', time: '2018-10-31T20:09:30'
System info: host: 'Nitins-Air', ip: '2401:4900:1c22:3ac1:71d9:2b8a:79eb:e1c1%en0', os.name: 'Mac OS X', os.arch: 'aarch64', os.version: '14.5', java.version: '22.0.1'
Driver info: driver.version: ChromeDriver
remote stacktrace: 0   chromedriver                        0x0000000104feff48 chromedriver + 4226888
1   chromedriver                        0x0000000104fe84f4 chromedriver + 4195572
2   chromedriver                        0x0000000104c2cd68 chromedriver + 281960
3   chromedriver                        0x0000000104c58bac chromedriver + 461740
4   chromedriver                        0x0000000104c54fd8 chromedriver + 446424
5   chromedriver                        0x0000000104c52150 chromedriver + 434512
6   chromedriver                        0x0000000104c8f93c chromedriver + 686396
7   chromedriver                        0x0000000104c8f164 chromedriver + 684388
8   chromedriver                        0x0000000104c5bf1c chromedriver + 474908
9   chromedriver                        0x0000000104c5cef4 chromedriver + 478964
10  chromedriver                        0x0000000104fb159c chromedriver + 3970460
11  chromedriver                        0x0000000104fb56f0 chromedriver + 3987184
12  chromedriver                        0x0000000104fbb5b4 chromedriver + 4011444
13  chromedriver                        0x0000000104fb62fc chromedriver + 3990268
14  chromedriver                        0x0000000104f8e1c0 chromedriver + 3826112
15  chromedriver                        0x0000000104fd2088 chromedriver + 4104328
16  chromedriver                        0x0000000104fd21e0 chromedriver + 4104672
17  chromedriver                        0x0000000104fe1f28 chromedriver + 4169512
18  libsystem_pthread.dylib             0x000000019ca86f94 _pthread_start + 136
19  libsystem_pthread.dylib             0x000000019ca81d34 thread_start + 8

at java.base/jdk.internal.reflect.DirectConstructorHandleAccessor.newInstance(DirectConstructorHandleAccessor.java:62)
at java.base/java.lang.reflect.Constructor.newInstanceWithCaller(Constructor.java:502)
at java.base/java.lang.reflect.Constructor.newInstance(Constructor.java:486)
at org.openqa.selenium.remote.W3CHandshakeResponse.lambda$errorHandler$0(W3CHandshakeResponse.java:62)
at org.openqa.selenium.remote.HandshakeResponse.lambda$getResponseFunction$0(HandshakeResponse.java:30)
at org.openqa.selenium.remote.ProtocolHandshake.lambda$createSession$0(ProtocolHandshake.java:123)
at java.base/java.util.stream.ReferencePipeline$3$1.accept(ReferencePipeline.java:212)
at java.base/java.util.Spliterators$ArraySpliterator.tryAdvance(Spliterators.java:1034)
at java.base/java.util.stream.ReferencePipeline.forEachWithCancel(ReferencePipeline.java:144)
at java.base/java.util.stream.AbstractPipeline.copyIntoWithCancel(AbstractPipeline.java:574)
at java.base/java.util.stream.AbstractPipeline.copyInto(AbstractPipeline.java:560)
at java.base/java.util.stream.AbstractPipeline.wrapAndCopyInto(AbstractPipeline.java:546)
at java.base/java.util.stream.FindOps$FindOp.evaluateSequential(FindOps.java:150)
at java.base/java.util.stream.AbstractPipeline.evaluate(AbstractPipeline.java:265)
at java.base/java.util.stream.ReferencePipeline.findFirst(ReferencePipeline.java:662)
at org.openqa.selenium.remote.ProtocolHandshake.createSession(ProtocolHandshake.java:125)
at org.openqa.selenium.remote.ProtocolHandshake.createSession(ProtocolHandshake.java:74)
at org.openqa.selenium.remote.HttpCommandExecutor.execute(HttpCommandExecutor.java:136)
at org.openqa.selenium.remote.service.DriverCommandExecutor.execute(DriverCommandExecutor.java:83)
at org.openqa.selenium.remote.RemoteWebDriver.execute(RemoteWebDriver.java:552)
at org.openqa.selenium.remote.RemoteWebDriver.startSession(RemoteWebDriver.java:213)
at org.openqa.selenium.remote.RemoteWebDriver.<init>(RemoteWebDriver.java:131)
at org.openqa.selenium.chrome.ChromeDriver.<init>(ChromeDriver.java:181)
at org.openqa.selenium.chrome.ChromeDriver.<init>(ChromeDriver.java:168)
at org.openqa.selenium.chrome.ChromeDriver.<init>(ChromeDriver.java:123)
at com.selenium.testcases.BaseTest.invoke(BaseTest.java:33)
at com.selenium.testcases.TC_PlaceOrder_001.setUp(TC_PlaceOrder_001.java:39)
at java.base/jdk.internal.reflect.DirectMethodHandleAccessor.invoke(DirectMethodHandleAccessor.java:103)
at java.base/java.lang.reflect.Method.invoke(Method.java:580)
at org.testng.internal.MethodInvocationHelper.invokeMethod(MethodInvocationHelper.java:133)
at org.testng.internal.MethodInvocationHelper.invokeMethodConsideringTimeout(MethodInvocationHelper.java:62)
at org.testng.internal.ConfigInvoker.invokeConfigurationMethod(ConfigInvoker.java:385)
at org.testng.internal.ConfigInvoker.invokeConfigurations(ConfigInvoker.java:321)
at org.testng.internal.TestInvoker.runConfigMethods(TestInvoker.java:700)
at org.testng.internal.TestInvoker.invokeMethod(TestInvoker.java:527)
at org.testng.internal.TestInvoker.invokeTestMethod(TestInvoker.java:173)
at org.testng.internal.MethodRunner.runInSequence(MethodRunner.java:46)
at org.testng.internal.TestInvoker$MethodInvocationAgent.invoke(TestInvoker.java:824)
at org.testng.internal.TestInvoker.invokeTestMethods(TestInvoker.java:146)
at org.testng.internal.TestMethodWorker.invokeTestMethods(TestMethodWorker.java:146)
at org.testng.internal.TestMethodWorker.run(TestMethodWorker.java:128)
at java.base/java.util.ArrayList.forEach(ArrayList.java:1597)
at org.testng.TestRunner.privateRun(TestRunner.java:794)
at org.testng.TestRunner.run(TestRunner.java:596)
at org.testng.SuiteRunner.runTest(SuiteRunner.java:377)
at org.testng.SuiteRunner.runSequentially(SuiteRunner.java:371)
at org.testng.SuiteRunner.privateRun(SuiteRunner.java:332)
at org.testng.SuiteRunner.run(SuiteRunner.java:276)
at org.testng.SuiteRunnerWorker.runSuite(SuiteRunnerWorker.java:53)
at org.testng.SuiteRunnerWorker.run(SuiteRunnerWorker.java:96)
at org.testng.TestNG.runSuitesSequentially(TestNG.java:1212)
at org.testng.TestNG.runSuitesLocally(TestNG.java:1134)
at org.testng.TestNG.runSuites(TestNG.java:1063)
at org.testng.TestNG.run(TestNG.java:1031)
at org.testng.remote.AbstractRemoteTestNG.run(AbstractRemoteTestNG.java:115)
at org.testng.remote.RemoteTestNG.initAndRun(RemoteTestNG.java:293)
at org.testng.remote.RemoteTestNG.main(RemoteTestNG.java:91)
]]>
            </full-stacktrace>
          </exception> <!-- org.openqa.selenium.SessionNotCreatedException -->
          <reporter-output>
          </reporter-output>
        </test-method> <!-- setUp -->
        <test-method signature="placeOrder([Ljava.lang.String;)[pri:0, instance:com.selenium.testcases.TC_PlaceOrder_001@460d0a57]" started-at="2024-08-10T09:38:28 IST" name="placeOrder" data-provider="AddProduct" finished-at="2024-08-10T09:38:28 IST" duration-ms="0" status="SKIP">
          <params>
            <param index="0">
              <value>
                <![CDATA[[Ljava.lang.String;@51ce6f85]]>
              </value>
            </param>
          </params>
          <exception class="org.openqa.selenium.SessionNotCreatedException">
            <message>
              <![CDATA[session not created: This version of ChromeDriver only supports Chrome version 114
Current browser version is 127.0.6533.100 with binary path /Applications/Google Chrome.app/Contents/MacOS/Google Chrome
Build info: version: '3.141.0', revision: '2ecb7d9a', time: '2018-10-31T20:09:30'
System info: host: 'Nitins-Air', ip: '2401:4900:1c22:3ac1:71d9:2b8a:79eb:e1c1%en0', os.name: 'Mac OS X', os.arch: 'aarch64', os.version: '14.5', java.version: '22.0.1'
Driver info: driver.version: ChromeDriver
remote stacktrace: 0   chromedriver                        0x0000000104feff48 chromedriver + 4226888
1   chromedriver                        0x0000000104fe84f4 chromedriver + 4195572
2   chromedriver                        0x0000000104c2cd68 chromedriver + 281960
3   chromedriver                        0x0000000104c58bac chromedriver + 461740
4   chromedriver                        0x0000000104c54fd8 chromedriver + 446424
5   chromedriver                        0x0000000104c52150 chromedriver + 434512
6   chromedriver                        0x0000000104c8f93c chromedriver + 686396
7   chromedriver                        0x0000000104c8f164 chromedriver + 684388
8   chromedriver                        0x0000000104c5bf1c chromedriver + 474908
9   chromedriver                        0x0000000104c5cef4 chromedriver + 478964
10  chromedriver                        0x0000000104fb159c chromedriver + 3970460
11  chromedriver                        0x0000000104fb56f0 chromedriver + 3987184
12  chromedriver                        0x0000000104fbb5b4 chromedriver + 4011444
13  chromedriver                        0x0000000104fb62fc chromedriver + 3990268
14  chromedriver                        0x0000000104f8e1c0 chromedriver + 3826112
15  chromedriver                        0x0000000104fd2088 chromedriver + 4104328
16  chromedriver                        0x0000000104fd21e0 chromedriver + 4104672
17  chromedriver                        0x0000000104fe1f28 chromedriver + 4169512
18  libsystem_pthread.dylib             0x000000019ca86f94 _pthread_start + 136
19  libsystem_pthread.dylib             0x000000019ca81d34 thread_start + 8
]]>
            </message>
            <full-stacktrace>
              <![CDATA[org.openqa.selenium.SessionNotCreatedException: session not created: This version of ChromeDriver only supports Chrome version 114
Current browser version is 127.0.6533.100 with binary path /Applications/Google Chrome.app/Contents/MacOS/Google Chrome
Build info: version: '3.141.0', revision: '2ecb7d9a', time: '2018-10-31T20:09:30'
System info: host: 'Nitins-Air', ip: '2401:4900:1c22:3ac1:71d9:2b8a:79eb:e1c1%en0', os.name: 'Mac OS X', os.arch: 'aarch64', os.version: '14.5', java.version: '22.0.1'
Driver info: driver.version: ChromeDriver
remote stacktrace: 0   chromedriver                        0x0000000104feff48 chromedriver + 4226888
1   chromedriver                        0x0000000104fe84f4 chromedriver + 4195572
2   chromedriver                        0x0000000104c2cd68 chromedriver + 281960
3   chromedriver                        0x0000000104c58bac chromedriver + 461740
4   chromedriver                        0x0000000104c54fd8 chromedriver + 446424
5   chromedriver                        0x0000000104c52150 chromedriver + 434512
6   chromedriver                        0x0000000104c8f93c chromedriver + 686396
7   chromedriver                        0x0000000104c8f164 chromedriver + 684388
8   chromedriver                        0x0000000104c5bf1c chromedriver + 474908
9   chromedriver                        0x0000000104c5cef4 chromedriver + 478964
10  chromedriver                        0x0000000104fb159c chromedriver + 3970460
11  chromedriver                        0x0000000104fb56f0 chromedriver + 3987184
12  chromedriver                        0x0000000104fbb5b4 chromedriver + 4011444
13  chromedriver                        0x0000000104fb62fc chromedriver + 3990268
14  chromedriver                        0x0000000104f8e1c0 chromedriver + 3826112
15  chromedriver                        0x0000000104fd2088 chromedriver + 4104328
16  chromedriver                        0x0000000104fd21e0 chromedriver + 4104672
17  chromedriver                        0x0000000104fe1f28 chromedriver + 4169512
18  libsystem_pthread.dylib             0x000000019ca86f94 _pthread_start + 136
19  libsystem_pthread.dylib             0x000000019ca81d34 thread_start + 8

at java.base/jdk.internal.reflect.DirectConstructorHandleAccessor.newInstance(DirectConstructorHandleAccessor.java:62)
at java.base/java.lang.reflect.Constructor.newInstanceWithCaller(Constructor.java:502)
at java.base/java.lang.reflect.Constructor.newInstance(Constructor.java:486)
at org.openqa.selenium.remote.W3CHandshakeResponse.lambda$errorHandler$0(W3CHandshakeResponse.java:62)
at org.openqa.selenium.remote.HandshakeResponse.lambda$getResponseFunction$0(HandshakeResponse.java:30)
at org.openqa.selenium.remote.ProtocolHandshake.lambda$createSession$0(ProtocolHandshake.java:123)
at java.base/java.util.stream.ReferencePipeline$3$1.accept(ReferencePipeline.java:212)
at java.base/java.util.Spliterators$ArraySpliterator.tryAdvance(Spliterators.java:1034)
at java.base/java.util.stream.ReferencePipeline.forEachWithCancel(ReferencePipeline.java:144)
at java.base/java.util.stream.AbstractPipeline.copyIntoWithCancel(AbstractPipeline.java:574)
at java.base/java.util.stream.AbstractPipeline.copyInto(AbstractPipeline.java:560)
at java.base/java.util.stream.AbstractPipeline.wrapAndCopyInto(AbstractPipeline.java:546)
at java.base/java.util.stream.FindOps$FindOp.evaluateSequential(FindOps.java:150)
at java.base/java.util.stream.AbstractPipeline.evaluate(AbstractPipeline.java:265)
at java.base/java.util.stream.ReferencePipeline.findFirst(ReferencePipeline.java:662)
at org.openqa.selenium.remote.ProtocolHandshake.createSession(ProtocolHandshake.java:125)
at org.openqa.selenium.remote.ProtocolHandshake.createSession(ProtocolHandshake.java:74)
at org.openqa.selenium.remote.HttpCommandExecutor.execute(HttpCommandExecutor.java:136)
at org.openqa.selenium.remote.service.DriverCommandExecutor.execute(DriverCommandExecutor.java:83)
at org.openqa.selenium.remote.RemoteWebDriver.execute(RemoteWebDriver.java:552)
at org.openqa.selenium.remote.RemoteWebDriver.startSession(RemoteWebDriver.java:213)
at org.openqa.selenium.remote.RemoteWebDriver.<init>(RemoteWebDriver.java:131)
at org.openqa.selenium.chrome.ChromeDriver.<init>(ChromeDriver.java:181)
at org.openqa.selenium.chrome.ChromeDriver.<init>(ChromeDriver.java:168)
at org.openqa.selenium.chrome.ChromeDriver.<init>(ChromeDriver.java:123)
at com.selenium.testcases.BaseTest.invoke(BaseTest.java:33)
at com.selenium.testcases.TC_PlaceOrder_001.setUp(TC_PlaceOrder_001.java:39)
at java.base/jdk.internal.reflect.DirectMethodHandleAccessor.invoke(DirectMethodHandleAccessor.java:103)
at java.base/java.lang.reflect.Method.invoke(Method.java:580)
at org.testng.internal.MethodInvocationHelper.invokeMethod(MethodInvocationHelper.java:133)
at org.testng.internal.MethodInvocationHelper.invokeMethodConsideringTimeout(MethodInvocationHelper.java:62)
at org.testng.internal.ConfigInvoker.invokeConfigurationMethod(ConfigInvoker.java:385)
at org.testng.internal.ConfigInvoker.invokeConfigurations(ConfigInvoker.java:321)
at org.testng.internal.TestInvoker.runConfigMethods(TestInvoker.java:700)
at org.testng.internal.TestInvoker.invokeMethod(TestInvoker.java:527)
at org.testng.internal.TestInvoker.invokeTestMethod(TestInvoker.java:173)
at org.testng.internal.MethodRunner.runInSequence(MethodRunner.java:46)
at org.testng.internal.TestInvoker$MethodInvocationAgent.invoke(TestInvoker.java:824)
at org.testng.internal.TestInvoker.invokeTestMethods(TestInvoker.java:146)
at org.testng.internal.TestMethodWorker.invokeTestMethods(TestMethodWorker.java:146)
at org.testng.internal.TestMethodWorker.run(TestMethodWorker.java:128)
at java.base/java.util.ArrayList.forEach(ArrayList.java:1597)
at org.testng.TestRunner.privateRun(TestRunner.java:794)
at org.testng.TestRunner.run(TestRunner.java:596)
at org.testng.SuiteRunner.runTest(SuiteRunner.java:377)
at org.testng.SuiteRunner.runSequentially(SuiteRunner.java:371)
at org.testng.SuiteRunner.privateRun(SuiteRunner.java:332)
at org.testng.SuiteRunner.run(SuiteRunner.java:276)
at org.testng.SuiteRunnerWorker.runSuite(SuiteRunnerWorker.java:53)
at org.testng.SuiteRunnerWorker.run(SuiteRunnerWorker.java:96)
at org.testng.TestNG.runSuitesSequentially(TestNG.java:1212)
at org.testng.TestNG.runSuitesLocally(TestNG.java:1134)
at org.testng.TestNG.runSuites(TestNG.java:1063)
at org.testng.TestNG.run(TestNG.java:1031)
at org.testng.remote.AbstractRemoteTestNG.run(AbstractRemoteTestNG.java:115)
at org.testng.remote.RemoteTestNG.initAndRun(RemoteTestNG.java:293)
at org.testng.remote.RemoteTestNG.main(RemoteTestNG.java:91)
]]>
            </full-stacktrace>
          </exception> <!-- org.openqa.selenium.SessionNotCreatedException -->
          <reporter-output>
          </reporter-output>
        </test-method> <!-- placeOrder -->
      </class> <!-- com.selenium.testcases.TC_PlaceOrder_001 -->
    </test> <!-- Default test -->
  </suite> <!-- Default suite -->
</testng-results>
